# JRE version: OpenJDK Runtime Environment (8.0_152-b01) (build 1.8.0_152-release-1343-b01)
# Java VM: OpenJDK 64-Bit Server VM (25.152-b01 mixed mode windows-amd64 compressed oops)
Heap:
 PSYoungGen      total 155136K, used 108604K [0x00000000e0000000, 0x00000000ea500000, 0x0000000100000000)
  eden space 141312K, 68% used [0x00000000e0000000,0x00000000e5e02ce0,0x00000000e8a00000)
  from space 13824K, 89% used [0x00000000e8a00000,0x00000000e960c458,0x00000000e9780000)
  to   space 11776K, 0% used [0x00000000e9800000,0x00000000e9800000,0x00000000ea380000)
 ParOldGen       total 84992K, used 30656K [0x00000000a0000000, 0x00000000a5300000, 0x00000000e0000000)
  object space 84992K, 36% used [0x00000000a0000000,0x00000000a1df02e0,0x00000000a5300000)
 Metaspace       used 68408K, capacity 70460K, committed 70744K, reserved 1110016K
  class space    used 8965K, capacity 9482K, committed 9600K, reserved 1048576K
GC Heap History (10 events):
Event: 15.868 GC heap before
{Heap before GC invocations=12 (full 2):
 PSYoungGen      total 118272K, used 107008K [0x00000000e0000000, 0x00000000ea380000, 0x0000000100000000)
  eden space 107008K, 100% used [0x00000000e0000000,0x00000000e6880000,0x00000000e6880000)
  from space 11264K, 0% used [0x00000000e6880000,0x00000000e6880000,0x00000000e7380000)
  to   space 11776K, 0% used [0x00000000e9800000,0x00000000e9800000,0x00000000ea380000)
 ParOldGen       total 84992K, used 16787K [0x00000000a0000000, 0x00000000a5300000, 0x00000000e0000000)
  object space 84992K, 19% used [0x00000000a0000000,0x00000000a1064e60,0x00000000a5300000)
 Metaspace       used 44060K, capacity 44960K, committed 45400K, reserved 1089536K
  class space    used 5926K, capacity 6189K, committed 6272K, reserved 1048576K
Event: 15.916 GC heap after
Heap after GC invocations=12 (full 2):
 PSYoungGen      total 153088K, used 11746K [0x00000000e0000000, 0x00000000ea500000, 0x0000000100000000)
  eden space 141312K, 0% used [0x00000000e0000000,0x00000000e0000000,0x00000000e8a00000)
  from space 11776K, 99% used [0x00000000e9800000,0x00000000ea378910,0x00000000ea380000)
  to   space 13824K, 0% used [0x00000000e8a00000,0x00000000e8a00000,0x00000000e9780000)
 ParOldGen       total 84992K, used 18867K [0x00000000a0000000, 0x00000000a5300000, 0x00000000e0000000)
  object space 84992K, 22% used [0x00000000a0000000,0x00000000a126cf50,0x00000000a5300000)
 Metaspace       used 44060K, capacity 44960K, committed 45400K, reserved 1089536K
  class space    used 5926K, capacity 6189K, committed 6272K, reserved 1048576K
}
Event: 21.025 GC heap before
{Heap before GC invocations=13 (full 2):
 PSYoungGen      total 153088K, used 153058K [0x00000000e0000000, 0x00000000ea500000, 0x0000000100000000)
  eden space 141312K, 100% used [0x00000000e0000000,0x00000000e8a00000,0x00000000e8a00000)
  from space 11776K, 99% used [0x00000000e9800000,0x00000000ea378910,0x00000000ea380000)
  to   space 13824K, 0% used [0x00000000e8a00000,0x00000000e8a00000,0x00000000e9780000)
 ParOldGen       total 84992K, used 18867K [0x00000000a0000000, 0x00000000a5300000, 0x00000000e0000000)
  object space 84992K, 22% used [0x00000000a0000000,0x00000000a126cf50,0x00000000a5300000)
 Metaspace       used 56456K, capacity 57850K, committed 58200K, reserved 1099776K
  class space    used 7601K, capacity 7986K, committed 8064K, reserved 1048576K
Event: 21.062 GC heap after
Heap after GC invocations=13 (full 2):
 PSYoungGen      total 155136K, used 13817K [0x00000000e0000000, 0x00000000ea500000, 0x0000000100000000)
  eden space 141312K, 0% used [0x00000000e0000000,0x00000000e0000000,0x00000000e8a00000)
  from space 13824K, 99% used [0x00000000e8a00000,0x00000000e977e618,0x00000000e9780000)
  to   space 11776K, 0% used [0x00000000e9800000,0x00000000e9800000,0x00000000ea380000)
 ParOldGen       total 84992K, used 26971K [0x00000000a0000000, 0x00000000a5300000, 0x00000000e0000000)
  object space 84992K, 31% used [0x00000000a0000000,0x00000000a1a56c40,0x00000000a5300000)
 Metaspace       used 56456K, capacity 57850K, committed 58200K, reserved 1099776K
  class space    used 7601K, capacity 7986K, committed 8064K, reserved 1048576K
}
Event: 21.779 GC heap before
{Heap before GC invocations=14 (full 2):
 PSYoungGen      total 155136K, used 44598K [0x00000000e0000000, 0x00000000ea500000, 0x0000000100000000)
  eden space 141312K, 21% used [0x00000000e0000000,0x00000000e1e0f518,0x00000000e8a00000)
  from space 13824K, 99% used [0x00000000e8a00000,0x00000000e977e618,0x00000000e9780000)
  to   space 11776K, 0% used [0x00000000e9800000,0x00000000e9800000,0x00000000ea380000)
 ParOldGen       total 84992K, used 26971K [0x00000000a0000000, 0x00000000a5300000, 0x00000000e0000000)
  object space 84992K, 31% used [0x00000000a0000000,0x00000000a1a56c40,0x00000000a5300000)
 Metaspace       used 57507K, capacity 58974K, committed 59028K, reserved 1099776K
  class space    used 7772K, capacity 8173K, committed 8192K, reserved 1048576K
Event: 21.798 GC heap after
Heap after GC invocations=14 (full 2):
 PSYoungGen      total 153088K, used 3600K [0x00000000e0000000, 0x00000000ea500000, 0x0000000100000000)
  eden space 141312K, 0% used [0x00000000e0000000,0x00000000e0000000,0x00000000e8a00000)
  from space 11776K, 30% used [0x00000000e9800000,0x00000000e9b84010,0x00000000ea380000)
  to   space 13824K, 0% used [0x00000000e8a00000,0x00000000e8a00000,0x00000000e9780000)
 ParOldGen       total 84992K, used 32591K [0x00000000a0000000, 0x00000000a5300000, 0x00000000e0000000)
  object space 84992K, 38% used [0x00000000a0000000,0x00000000a1fd3de8,0x00000000a5300000)
 Metaspace       used 57507K, capacity 58974K, committed 59028K, reserved 1099776K
  class space    used 7772K, capacity 8173K, committed 8192K, reserved 1048576K
}
Event: 21.798 GC heap before
{Heap before GC invocations=15 (full 3):
 PSYoungGen      total 153088K, used 3600K [0x00000000e0000000, 0x00000000ea500000, 0x0000000100000000)
  eden space 141312K, 0% used [0x00000000e0000000,0x00000000e0000000,0x00000000e8a00000)
  from space 11776K, 30% used [0x00000000e9800000,0x00000000e9b84010,0x00000000ea380000)
  to   space 13824K, 0% used [0x00000000e8a00000,0x00000000e8a00000,0x00000000e9780000)
 ParOldGen       total 84992K, used 32591K [0x00000000a0000000, 0x00000000a5300000, 0x00000000e0000000)
  object space 84992K, 38% used [0x00000000a0000000,0x00000000a1fd3de8,0x00000000a5300000)
 Metaspace       used 57507K, capacity 58974K, committed 59028K, reserved 1099776K
  class space    used 7772K, capacity 8173K, committed 8192K, reserved 1048576K
Event: 22.179 GC heap after
Heap after GC invocations=15 (full 3):
 PSYoungGen      total 153088K, used 0K [0x00000000e0000000, 0x00000000ea500000, 0x0000000100000000)
  eden space 141312K, 0% used [0x00000000e0000000,0x00000000e0000000,0x00000000e8a00000)
  from space 11776K, 0% used [0x00000000e9800000,0x00000000e9800000,0x00000000ea380000)
  to   space 13824K, 0% used [0x00000000e8a00000,0x00000000e8a00000,0x00000000e9780000)
 ParOldGen       total 84992K, used 30648K [0x00000000a0000000, 0x00000000a5300000, 0x00000000e0000000)
  object space 84992K, 36% used [0x00000000a0000000,0x00000000a1dee2e0,0x00000000a5300000)
 Metaspace       used 57507K, capacity 58974K, committed 59028K, reserved 1099776K
  class space    used 7772K, capacity 8173K, committed 8192K, reserved 1048576K
}
Event: 36.604 GC heap before
{Heap before GC invocations=16 (full 3):
 PSYoungGen      total 153088K, used 141312K [0x00000000e0000000, 0x00000000ea500000, 0x0000000100000000)
  eden space 141312K, 100% used [0x00000000e0000000,0x00000000e8a00000,0x00000000e8a00000)
  from space 11776K, 0% used [0x00000000e9800000,0x00000000e9800000,0x00000000ea380000)
  to   space 13824K, 0% used [0x00000000e8a00000,0x00000000e8a00000,0x00000000e9780000)
 ParOldGen       total 84992K, used 30648K [0x00000000a0000000, 0x00000000a5300000, 0x00000000e0000000)
  object space 84992K, 36% used [0x00000000a0000000,0x00000000a1dee2e0,0x00000000a5300000)
 Metaspace       used 63430K, capacity 65208K, committed 65368K, reserved 1105920K
  class space    used 8525K, capacity 8964K, committed 9088K, reserved 1048576K
Event: 36.623 GC heap after
Heap after GC invocations=16 (full 3):
 PSYoungGen      total 155136K, used 12337K [0x00000000e0000000, 0x00000000ea500000, 0x0000000100000000)
  eden space 141312K, 0% used [0x00000000e0000000,0x00000000e0000000,0x00000000e8a00000)
  from space 13824K, 89% used [0x00000000e8a00000,0x00000000e960c458,0x00000000e9780000)
  to   space 11776K, 0% used [0x00000000e9800000,0x00000000e9800000,0x00000000ea380000)
 ParOldGen       total 84992K, used 30656K [0x00000000a0000000, 0x00000000a5300000, 0x00000000e0000000)
  object space 84992K, 36% used [0x00000000a0000000,0x00000000a1df02e0,0x00000000a5300000)
 Metaspace       used 63430K, capacity 65208K, committed 65368K, reserved 1105920K
  class space    used 8525K, capacity 8964K, committed 9088K, reserved 1048576K
}

