# JRE version: OpenJDK Runtime Environment (8.0_152-b01) (build 1.8.0_152-release-1343-b01)
# Java VM: OpenJDK 64-Bit Server VM (25.152-b01 mixed mode windows-amd64 compressed oops)
Heap:
 PSYoungGen      total 156160K, used 2304K [0x00000000e0000000, 0x00000000eb080000, 0x0000000100000000)
  eden space 144384K, 0% used [0x00000000e0000000,0x00000000e0000000,0x00000000e8d00000)
  from space 11776K, 19% used [0x00000000ea500000,0x00000000ea740000,0x00000000eb080000)
  to   space 13824K, 0% used [0x00000000e9580000,0x00000000e9580000,0x00000000ea300000)
 ParOldGen       total 85504K, used 34367K [0x00000000a0000000, 0x00000000a5380000, 0x00000000e0000000)
  object space 85504K, 40% used [0x00000000a0000000,0x00000000a218fdf0,0x00000000a5380000)
 Metaspace       used 57581K, capacity 59150K, committed 59160K, reserved 1099776K
  class space    used 7795K, capacity 8231K, committed 8240K, reserved 1048576K
GC Heap History (10 events):
Event: 7.163 GC heap before
{Heap before GC invocations=9 (full 1):
 PSYoungGen      total 76800K, used 74546K [0x00000000e0000000, 0x00000000e8380000, 0x0000000100000000)
  eden space 66560K, 100% used [0x00000000e0000000,0x00000000e4100000,0x00000000e4100000)
  from space 10240K, 77% used [0x00000000e4100000,0x00000000e48cca90,0x00000000e4b00000)
  to   space 10240K, 0% used [0x00000000e7980000,0x00000000e7980000,0x00000000e8380000)
 ParOldGen       total 58880K, used 10431K [0x00000000a0000000, 0x00000000a3980000, 0x00000000e0000000)
  object space 58880K, 17% used [0x00000000a0000000,0x00000000a0a2ffa0,0x00000000a3980000)
 Metaspace       used 32124K, capacity 32640K, committed 32816K, reserved 1077248K
  class space    used 4422K, capacity 4590K, committed 4656K, reserved 1048576K
Event: 7.177 GC heap after
Heap after GC invocations=9 (full 1):
 PSYoungGen      total 121344K, used 8473K [0x00000000e0000000, 0x00000000e8280000, 0x0000000100000000)
  eden space 112128K, 0% used [0x00000000e0000000,0x00000000e0000000,0x00000000e6d80000)
  from space 9216K, 91% used [0x00000000e7980000,0x00000000e81c6590,0x00000000e8280000)
  to   space 10752K, 0% used [0x00000000e6d80000,0x00000000e6d80000,0x00000000e7800000)
 ParOldGen       total 58880K, used 10439K [0x00000000a0000000, 0x00000000a3980000, 0x00000000e0000000)
  object space 58880K, 17% used [0x00000000a0000000,0x00000000a0a31fa0,0x00000000a3980000)
 Metaspace       used 32124K, capacity 32640K, committed 32816K, reserved 1077248K
  class space    used 4422K, capacity 4590K, committed 4656K, reserved 1048576K
}
Event: 8.292 GC heap before
{Heap before GC invocations=10 (full 1):
 PSYoungGen      total 121344K, used 55549K [0x00000000e0000000, 0x00000000e8280000, 0x0000000100000000)
  eden space 112128K, 41% used [0x00000000e0000000,0x00000000e2df8ec8,0x00000000e6d80000)
  from space 9216K, 91% used [0x00000000e7980000,0x00000000e81c6590,0x00000000e8280000)
  to   space 10752K, 0% used [0x00000000e6d80000,0x00000000e6d80000,0x00000000e7800000)
 ParOldGen       total 58880K, used 10439K [0x00000000a0000000, 0x00000000a3980000, 0x00000000e0000000)
  object space 58880K, 17% used [0x00000000a0000000,0x00000000a0a31fa0,0x00000000a3980000)
 Metaspace       used 34719K, capacity 35428K, committed 35496K, reserved 1079296K
  class space    used 4786K, capacity 4991K, committed 5040K, reserved 1048576K
Event: 8.308 GC heap after
Heap after GC invocations=10 (full 1):
 PSYoungGen      total 122880K, used 9810K [0x00000000e0000000, 0x00000000eb080000, 0x0000000100000000)
  eden space 112128K, 0% used [0x00000000e0000000,0x00000000e0000000,0x00000000e6d80000)
  from space 10752K, 91% used [0x00000000e6d80000,0x00000000e7714880,0x00000000e7800000)
  to   space 11776K, 0% used [0x00000000ea500000,0x00000000ea500000,0x00000000eb080000)
 ParOldGen       total 58880K, used 10447K [0x00000000a0000000, 0x00000000a3980000, 0x00000000e0000000)
  object space 58880K, 17% used [0x00000000a0000000,0x00000000a0a33fa0,0x00000000a3980000)
 Metaspace       used 34719K, capacity 35428K, committed 35496K, reserved 1079296K
  class space    used 4786K, capacity 4991K, committed 5040K, reserved 1048576K
}
Event: 8.308 GC heap before
{Heap before GC invocations=11 (full 2):
 PSYoungGen      total 122880K, used 9810K [0x00000000e0000000, 0x00000000eb080000, 0x0000000100000000)
  eden space 112128K, 0% used [0x00000000e0000000,0x00000000e0000000,0x00000000e6d80000)
  from space 10752K, 91% used [0x00000000e6d80000,0x00000000e7714880,0x00000000e7800000)
  to   space 11776K, 0% used [0x00000000ea500000,0x00000000ea500000,0x00000000eb080000)
 ParOldGen       total 58880K, used 10447K [0x00000000a0000000, 0x00000000a3980000, 0x00000000e0000000)
  object space 58880K, 17% used [0x00000000a0000000,0x00000000a0a33fa0,0x00000000a3980000)
 Metaspace       used 34719K, capacity 35428K, committed 35496K, reserved 1079296K
  class space    used 4786K, capacity 4991K, committed 5040K, reserved 1048576K
Event: 8.416 GC heap after
Heap after GC invocations=11 (full 2):
 PSYoungGen      total 122880K, used 0K [0x00000000e0000000, 0x00000000eb080000, 0x0000000100000000)
  eden space 112128K, 0% used [0x00000000e0000000,0x00000000e0000000,0x00000000e6d80000)
  from space 10752K, 0% used [0x00000000e6d80000,0x00000000e6d80000,0x00000000e7800000)
  to   space 11776K, 0% used [0x00000000ea500000,0x00000000ea500000,0x00000000eb080000)
 ParOldGen       total 85504K, used 16644K [0x00000000a0000000, 0x00000000a5380000, 0x00000000e0000000)
  object space 85504K, 19% used [0x00000000a0000000,0x00000000a1041100,0x00000000a5380000)
 Metaspace       used 34713K, capacity 35410K, committed 35496K, reserved 1079296K
  class space    used 4784K, capacity 4988K, committed 5040K, reserved 1048576K
}
Event: 10.279 GC heap before
{Heap before GC invocations=12 (full 2):
 PSYoungGen      total 122880K, used 112128K [0x00000000e0000000, 0x00000000eb080000, 0x0000000100000000)
  eden space 112128K, 100% used [0x00000000e0000000,0x00000000e6d80000,0x00000000e6d80000)
  from space 10752K, 0% used [0x00000000e6d80000,0x00000000e6d80000,0x00000000e7800000)
  to   space 11776K, 0% used [0x00000000ea500000,0x00000000ea500000,0x00000000eb080000)
 ParOldGen       total 85504K, used 16644K [0x00000000a0000000, 0x00000000a5380000, 0x00000000e0000000)
  object space 85504K, 19% used [0x00000000a0000000,0x00000000a1041100,0x00000000a5380000)
 Metaspace       used 44418K, capacity 45390K, committed 45480K, reserved 1089536K
  class space    used 5970K, capacity 6246K, committed 6320K, reserved 1048576K
Event: 10.297 GC heap after
Heap after GC invocations=12 (full 2):
 PSYoungGen      total 156160K, used 11762K [0x00000000e0000000, 0x00000000eb080000, 0x0000000100000000)
  eden space 144384K, 0% used [0x00000000e0000000,0x00000000e0000000,0x00000000e8d00000)
  from space 11776K, 99% used [0x00000000ea500000,0x00000000eb07cac8,0x00000000eb080000)
  to   space 13824K, 0% used [0x00000000e9580000,0x00000000e9580000,0x00000000ea300000)
 ParOldGen       total 85504K, used 19298K [0x00000000a0000000, 0x00000000a5380000, 0x00000000e0000000)
  object space 85504K, 22% used [0x00000000a0000000,0x00000000a12d8a28,0x00000000a5380000)
 Metaspace       used 44418K, capacity 45390K, committed 45480K, reserved 1089536K
  class space    used 5970K, capacity 6246K, committed 6320K, reserved 1048576K
}
Event: 12.713 GC heap before
{Heap before GC invocations=13 (full 2):
 PSYoungGen      total 156160K, used 156146K [0x00000000e0000000, 0x00000000eb080000, 0x0000000100000000)
  eden space 144384K, 100% used [0x00000000e0000000,0x00000000e8d00000,0x00000000e8d00000)
  from space 11776K, 99% used [0x00000000ea500000,0x00000000eb07cac8,0x00000000eb080000)
  to   space 13824K, 0% used [0x00000000e9580000,0x00000000e9580000,0x00000000ea300000)
 ParOldGen       total 85504K, used 19298K [0x00000000a0000000, 0x00000000a5380000, 0x00000000e0000000)
  object space 85504K, 22% used [0x00000000a0000000,0x00000000a12d8a28,0x00000000a5380000)
 Metaspace       used 56781K, capacity 58256K, committed 58536K, reserved 1099776K
  class space    used 7658K, capacity 8057K, committed 8112K, reserved 1048576K
Event: 12.742 GC heap after
Heap after GC invocations=13 (full 2):
 PSYoungGen      total 158208K, used 13799K [0x00000000e0000000, 0x00000000eb080000, 0x0000000100000000)
  eden space 144384K, 0% used [0x00000000e0000000,0x00000000e0000000,0x00000000e8d00000)
  from space 13824K, 99% used [0x00000000e9580000,0x00000000ea2f9d38,0x00000000ea300000)
  to   space 11776K, 0% used [0x00000000ea500000,0x00000000ea500000,0x00000000eb080000)
 ParOldGen       total 85504K, used 28286K [0x00000000a0000000, 0x00000000a5380000, 0x00000000e0000000)
  object space 85504K, 33% used [0x00000000a0000000,0x00000000a1b9f800,0x00000000a5380000)
 Metaspace       used 56781K, capacity 58256K, committed 58536K, reserved 1099776K
  class space    used 7658K, capacity 8057K, committed 8112K, reserved 1048576K
}

